                                 Started job on |	Sep 13 17:23:50
                             Started mapping on |	Sep 13 17:35:48
                                    Finished on |	Sep 13 17:58:35
       Mapping speed, Million of reads per hour |	138.05

                          Number of input reads |	52419810
                      Average input read length |	302
                                    UNIQUE READS:
                   Uniquely mapped reads number |	41663828
                        Uniquely mapped reads % |	79.48%
                          Average mapped length |	300.04
                       Number of splices: Total |	40589964
            Number of splices: Annotated (sjdb) |	40587438
                       Number of splices: GT/AG |	40385015
                       Number of splices: GC/AG |	122671
                       Number of splices: AT/AC |	4299
               Number of splices: Non-canonical |	77979
                      Mismatch rate per base, % |	0.50%
                         Deletion rate per base |	0.03%
                        Deletion average length |	2.37
                        Insertion rate per base |	0.03%
                       Insertion average length |	2.00
                             MULTI-MAPPING READS:
        Number of reads mapped to multiple loci |	4113800
             % of reads mapped to multiple loci |	7.85%
        Number of reads mapped to too many loci |	28125
             % of reads mapped to too many loci |	0.05%
                                  UNMAPPED READS:
  Number of reads unmapped: too many mismatches |	0
       % of reads unmapped: too many mismatches |	0.00%
            Number of reads unmapped: too short |	5845729
                 % of reads unmapped: too short |	11.15%
                Number of reads unmapped: other |	768328
                     % of reads unmapped: other |	1.47%
                                  CHIMERIC READS:
                       Number of chimeric reads |	0
                            % of chimeric reads |	0.00%
