                                 Started job on |	Sep 13 17:23:51
                             Started mapping on |	Sep 13 17:35:07
                                    Finished on |	Sep 13 17:54:15
       Mapping speed, Million of reads per hour |	136.82

                          Number of input reads |	43631239
                      Average input read length |	302
                                    UNIQUE READS:
                   Uniquely mapped reads number |	34509437
                        Uniquely mapped reads % |	79.09%
                          Average mapped length |	300.00
                       Number of splices: Total |	27997982
            Number of splices: Annotated (sjdb) |	27997156
                       Number of splices: GT/AG |	27784606
                       Number of splices: GC/AG |	108413
                       Number of splices: AT/AC |	5087
               Number of splices: Non-canonical |	99876
                      Mismatch rate per base, % |	0.54%
                         Deletion rate per base |	0.03%
                        Deletion average length |	2.23
                        Insertion rate per base |	0.04%
                       Insertion average length |	1.48
                             MULTI-MAPPING READS:
        Number of reads mapped to multiple loci |	4810531
             % of reads mapped to multiple loci |	11.03%
        Number of reads mapped to too many loci |	36827
             % of reads mapped to too many loci |	0.08%
                                  UNMAPPED READS:
  Number of reads unmapped: too many mismatches |	0
       % of reads unmapped: too many mismatches |	0.00%
            Number of reads unmapped: too short |	4112482
                 % of reads unmapped: too short |	9.43%
                Number of reads unmapped: other |	161962
                     % of reads unmapped: other |	0.37%
                                  CHIMERIC READS:
                       Number of chimeric reads |	0
                            % of chimeric reads |	0.00%
