                                 Started job on |	Sep 13 17:23:50
                             Started mapping on |	Sep 13 17:35:40
                                    Finished on |	Sep 13 18:02:34
       Mapping speed, Million of reads per hour |	90.19

                          Number of input reads |	40433873
                      Average input read length |	302
                                    UNIQUE READS:
                   Uniquely mapped reads number |	31945538
                        Uniquely mapped reads % |	79.01%
                          Average mapped length |	299.73
                       Number of splices: Total |	28335582
            Number of splices: Annotated (sjdb) |	28334012
                       Number of splices: GT/AG |	28179454
                       Number of splices: GC/AG |	80346
                       Number of splices: AT/AC |	9035
               Number of splices: Non-canonical |	66747
                      Mismatch rate per base, % |	0.62%
                         Deletion rate per base |	0.04%
                        Deletion average length |	2.59
                        Insertion rate per base |	0.03%
                       Insertion average length |	1.89
                             MULTI-MAPPING READS:
        Number of reads mapped to multiple loci |	3815750
             % of reads mapped to multiple loci |	9.44%
        Number of reads mapped to too many loci |	32647
             % of reads mapped to too many loci |	0.08%
                                  UNMAPPED READS:
  Number of reads unmapped: too many mismatches |	0
       % of reads unmapped: too many mismatches |	0.00%
            Number of reads unmapped: too short |	4267453
                 % of reads unmapped: too short |	10.55%
                Number of reads unmapped: other |	372485
                     % of reads unmapped: other |	0.92%
                                  CHIMERIC READS:
                       Number of chimeric reads |	0
                            % of chimeric reads |	0.00%
