                                 Started job on |	Sep 13 17:23:51
                             Started mapping on |	Sep 13 17:33:40
                                    Finished on |	Sep 13 17:56:50
       Mapping speed, Million of reads per hour |	66.70

                          Number of input reads |	25755140
                      Average input read length |	302
                                    UNIQUE READS:
                   Uniquely mapped reads number |	18745658
                        Uniquely mapped reads % |	72.78%
                          Average mapped length |	299.88
                       Number of splices: Total |	16971359
            Number of splices: Annotated (sjdb) |	16964859
                       Number of splices: GT/AG |	16878862
                       Number of splices: GC/AG |	52574
                       Number of splices: AT/AC |	5841
               Number of splices: Non-canonical |	34082
                      Mismatch rate per base, % |	0.59%
                         Deletion rate per base |	0.04%
                        Deletion average length |	2.62
                        Insertion rate per base |	0.03%
                       Insertion average length |	1.99
                             MULTI-MAPPING READS:
        Number of reads mapped to multiple loci |	2306759
             % of reads mapped to multiple loci |	8.96%
        Number of reads mapped to too many loci |	21401
             % of reads mapped to too many loci |	0.08%
                                  UNMAPPED READS:
  Number of reads unmapped: too many mismatches |	0
       % of reads unmapped: too many mismatches |	0.00%
            Number of reads unmapped: too short |	4577335
                 % of reads unmapped: too short |	17.77%
                Number of reads unmapped: other |	103987
                     % of reads unmapped: other |	0.40%
                                  CHIMERIC READS:
                       Number of chimeric reads |	0
                            % of chimeric reads |	0.00%
