                                 Started job on |	Sep 13 17:23:51
                             Started mapping on |	Sep 13 17:32:50
                                    Finished on |	Sep 13 17:55:07
       Mapping speed, Million of reads per hour |	141.16

                          Number of input reads |	52423822
                      Average input read length |	302
                                    UNIQUE READS:
                   Uniquely mapped reads number |	44458794
                        Uniquely mapped reads % |	84.81%
                          Average mapped length |	299.13
                       Number of splices: Total |	41581626
            Number of splices: Annotated (sjdb) |	41579628
                       Number of splices: GT/AG |	41261022
                       Number of splices: GC/AG |	153789
                       Number of splices: AT/AC |	21402
               Number of splices: Non-canonical |	145413
                      Mismatch rate per base, % |	0.58%
                         Deletion rate per base |	0.03%
                        Deletion average length |	2.28
                        Insertion rate per base |	0.03%
                       Insertion average length |	1.71
                             MULTI-MAPPING READS:
        Number of reads mapped to multiple loci |	5505698
             % of reads mapped to multiple loci |	10.50%
        Number of reads mapped to too many loci |	39312
             % of reads mapped to too many loci |	0.07%
                                  UNMAPPED READS:
  Number of reads unmapped: too many mismatches |	0
       % of reads unmapped: too many mismatches |	0.00%
            Number of reads unmapped: too short |	2267955
                 % of reads unmapped: too short |	4.33%
                Number of reads unmapped: other |	152063
                     % of reads unmapped: other |	0.29%
                                  CHIMERIC READS:
                       Number of chimeric reads |	0
                            % of chimeric reads |	0.00%
