                                 Started job on |	Sep 13 17:56:23
                             Started mapping on |	Sep 13 18:03:06
                                    Finished on |	Sep 13 18:18:11
       Mapping speed, Million of reads per hour |	131.68

                          Number of input reads |	33103509
                      Average input read length |	302
                                    UNIQUE READS:
                   Uniquely mapped reads number |	27420462
                        Uniquely mapped reads % |	82.83%
                          Average mapped length |	298.85
                       Number of splices: Total |	22535268
            Number of splices: Annotated (sjdb) |	22521220
                       Number of splices: GT/AG |	22381605
                       Number of splices: GC/AG |	88650
                       Number of splices: AT/AC |	3760
               Number of splices: Non-canonical |	61253
                      Mismatch rate per base, % |	0.58%
                         Deletion rate per base |	0.03%
                        Deletion average length |	2.23
                        Insertion rate per base |	0.03%
                       Insertion average length |	1.60
                             MULTI-MAPPING READS:
        Number of reads mapped to multiple loci |	3870311
             % of reads mapped to multiple loci |	11.69%
        Number of reads mapped to too many loci |	36148
             % of reads mapped to too many loci |	0.11%
                                  UNMAPPED READS:
  Number of reads unmapped: too many mismatches |	0
       % of reads unmapped: too many mismatches |	0.00%
            Number of reads unmapped: too short |	1659701
                 % of reads unmapped: too short |	5.01%
                Number of reads unmapped: other |	116887
                     % of reads unmapped: other |	0.35%
                                  CHIMERIC READS:
                       Number of chimeric reads |	0
                            % of chimeric reads |	0.00%
