                                 Started job on |	Sep 13 17:59:53
                             Started mapping on |	Sep 13 18:14:44
                                    Finished on |	Sep 13 18:41:39
       Mapping speed, Million of reads per hour |	113.38

                          Number of input reads |	50865066
                      Average input read length |	302
                                    UNIQUE READS:
                   Uniquely mapped reads number |	37812467
                        Uniquely mapped reads % |	74.34%
                          Average mapped length |	299.84
                       Number of splices: Total |	34874665
            Number of splices: Annotated (sjdb) |	34866376
                       Number of splices: GT/AG |	34689121
                       Number of splices: GC/AG |	99394
                       Number of splices: AT/AC |	10102
               Number of splices: Non-canonical |	76048
                      Mismatch rate per base, % |	0.51%
                         Deletion rate per base |	0.03%
                        Deletion average length |	2.51
                        Insertion rate per base |	0.03%
                       Insertion average length |	1.85
                             MULTI-MAPPING READS:
        Number of reads mapped to multiple loci |	4321217
             % of reads mapped to multiple loci |	8.50%
        Number of reads mapped to too many loci |	31305
             % of reads mapped to too many loci |	0.06%
                                  UNMAPPED READS:
  Number of reads unmapped: too many mismatches |	0
       % of reads unmapped: too many mismatches |	0.00%
            Number of reads unmapped: too short |	8440446
                 % of reads unmapped: too short |	16.59%
                Number of reads unmapped: other |	259631
                     % of reads unmapped: other |	0.51%
                                  CHIMERIC READS:
                       Number of chimeric reads |	0
                            % of chimeric reads |	0.00%
