                                 Started job on |	Sep 13 18:04:05
                             Started mapping on |	Sep 13 18:17:31
                                    Finished on |	Sep 13 18:43:33
       Mapping speed, Million of reads per hour |	126.40

                          Number of input reads |	54844416
                      Average input read length |	302
                                    UNIQUE READS:
                   Uniquely mapped reads number |	44235064
                        Uniquely mapped reads % |	80.66%
                          Average mapped length |	299.85
                       Number of splices: Total |	42769760
            Number of splices: Annotated (sjdb) |	42760197
                       Number of splices: GT/AG |	42507916
                       Number of splices: GC/AG |	157680
                       Number of splices: AT/AC |	14943
               Number of splices: Non-canonical |	89221
                      Mismatch rate per base, % |	0.51%
                         Deletion rate per base |	0.03%
                        Deletion average length |	2.40
                        Insertion rate per base |	0.02%
                       Insertion average length |	2.13
                             MULTI-MAPPING READS:
        Number of reads mapped to multiple loci |	4896766
             % of reads mapped to multiple loci |	8.93%
        Number of reads mapped to too many loci |	34164
             % of reads mapped to too many loci |	0.06%
                                  UNMAPPED READS:
  Number of reads unmapped: too many mismatches |	0
       % of reads unmapped: too many mismatches |	0.00%
            Number of reads unmapped: too short |	4652488
                 % of reads unmapped: too short |	8.48%
                Number of reads unmapped: other |	1025934
                     % of reads unmapped: other |	1.87%
                                  CHIMERIC READS:
                       Number of chimeric reads |	0
                            % of chimeric reads |	0.00%
