                                 Started job on |	Sep 13 18:08:28
                             Started mapping on |	Sep 13 18:15:39
                                    Finished on |	Sep 13 18:31:34
       Mapping speed, Million of reads per hour |	149.25

                          Number of input reads |	39593485
                      Average input read length |	302
                                    UNIQUE READS:
                   Uniquely mapped reads number |	33078763
                        Uniquely mapped reads % |	83.55%
                          Average mapped length |	297.94
                       Number of splices: Total |	30841688
            Number of splices: Annotated (sjdb) |	30840345
                       Number of splices: GT/AG |	30669542
                       Number of splices: GC/AG |	104102
                       Number of splices: AT/AC |	7317
               Number of splices: Non-canonical |	60727
                      Mismatch rate per base, % |	0.59%
                         Deletion rate per base |	0.03%
                        Deletion average length |	2.32
                        Insertion rate per base |	0.03%
                       Insertion average length |	1.99
                             MULTI-MAPPING READS:
        Number of reads mapped to multiple loci |	3933302
             % of reads mapped to multiple loci |	9.93%
        Number of reads mapped to too many loci |	39020
             % of reads mapped to too many loci |	0.10%
                                  UNMAPPED READS:
  Number of reads unmapped: too many mismatches |	0
       % of reads unmapped: too many mismatches |	0.00%
            Number of reads unmapped: too short |	2436089
                 % of reads unmapped: too short |	6.15%
                Number of reads unmapped: other |	106311
                     % of reads unmapped: other |	0.27%
                                  CHIMERIC READS:
                       Number of chimeric reads |	0
                            % of chimeric reads |	0.00%
